# JRE version: Java(TM) SE Runtime Environment (8.0_181-b13) (build 1.8.0_181-b13)
# Java VM: Java HotSpot(TM) 64-Bit Server VM (25.181-b13 mixed mode windows-amd64 compressed oops)
Heap:
 PSYoungGen      total 121856K, used 34044K [0x0000000756180000, 0x000000075e680000, 0x00000007c0000000)
  eden space 109568K, 22% used [0x0000000756180000,0x0000000757920708,0x000000075cc80000)
  from space 12288K, 80% used [0x000000075da80000,0x000000075e41e990,0x000000075e680000)
  to   space 13312K, 0% used [0x000000075cc80000,0x000000075cc80000,0x000000075d980000)
 ParOldGen       total 144896K, used 12920K [0x0000000682400000, 0x000000068b180000, 0x0000000756180000)
  object space 144896K, 8% used [0x0000000682400000,0x000000068309e178,0x000000068b180000)
 Metaspace       used 33073K, capacity 34694K, committed 34944K, reserved 1079296K
  class space    used 4113K, capacity 4395K, committed 4480K, reserved 1048576K
GC Heap History (10 events):
Event: 1.196 GC heap before
{Heap before GC invocations=1 (full 0):
 PSYoungGen      total 95232K, used 81920K [0x0000000756180000, 0x000000075cb80000, 0x00000007c0000000)
  eden space 81920K, 100% used [0x0000000756180000,0x000000075b180000,0x000000075b180000)
  from space 13312K, 0% used [0x000000075be80000,0x000000075be80000,0x000000075cb80000)
  to   space 13312K, 0% used [0x000000075b180000,0x000000075b180000,0x000000075be80000)
 ParOldGen       total 217088K, used 0K [0x0000000682400000, 0x000000068f800000, 0x0000000756180000)
  object space 217088K, 0% used [0x0000000682400000,0x0000000682400000,0x000000068f800000)
 Metaspace       used 15290K, capacity 15778K, committed 15872K, reserved 1062912K
  class space    used 1840K, capacity 1969K, committed 2048K, reserved 1048576K
Event: 1.207 GC heap after
Heap after GC invocations=1 (full 0):
 PSYoungGen      total 95232K, used 10838K [0x0000000756180000, 0x000000075cb80000, 0x00000007c0000000)
  eden space 81920K, 0% used [0x0000000756180000,0x0000000756180000,0x000000075b180000)
  from space 13312K, 81% used [0x000000075b180000,0x000000075bc15be0,0x000000075be80000)
  to   space 13312K, 0% used [0x000000075be80000,0x000000075be80000,0x000000075cb80000)
 ParOldGen       total 217088K, used 16K [0x0000000682400000, 0x000000068f800000, 0x0000000756180000)
  object space 217088K, 0% used [0x0000000682400000,0x0000000682404000,0x000000068f800000)
 Metaspace       used 15290K, capacity 15778K, committed 15872K, reserved 1062912K
  class space    used 1840K, capacity 1969K, committed 2048K, reserved 1048576K
}
Event: 2.576 GC heap before
{Heap before GC invocations=2 (full 0):
 PSYoungGen      total 95232K, used 90853K [0x0000000756180000, 0x000000075cb80000, 0x00000007c0000000)
  eden space 81920K, 97% used [0x0000000756180000,0x000000075afa3a28,0x000000075b180000)
  from space 13312K, 81% used [0x000000075b180000,0x000000075bc15be0,0x000000075be80000)
  to   space 13312K, 0% used [0x000000075be80000,0x000000075be80000,0x000000075cb80000)
 ParOldGen       total 217088K, used 16K [0x0000000682400000, 0x000000068f800000, 0x0000000756180000)
  object space 217088K, 0% used [0x0000000682400000,0x0000000682404000,0x000000068f800000)
 Metaspace       used 20365K, capacity 21158K, committed 21248K, reserved 1067008K
  class space    used 2535K, capacity 2739K, committed 2816K, reserved 1048576K
Event: 2.600 GC heap after
Heap after GC invocations=2 (full 0):
 PSYoungGen      total 95232K, used 13280K [0x0000000756180000, 0x0000000761b80000, 0x00000007c0000000)
  eden space 81920K, 0% used [0x0000000756180000,0x0000000756180000,0x000000075b180000)
  from space 13312K, 99% used [0x000000075be80000,0x000000075cb780f8,0x000000075cb80000)
  to   space 13312K, 0% used [0x000000075b180000,0x000000075b180000,0x000000075be80000)
 ParOldGen       total 217088K, used 230K [0x0000000682400000, 0x000000068f800000, 0x0000000756180000)
  object space 217088K, 0% used [0x0000000682400000,0x0000000682439b58,0x000000068f800000)
 Metaspace       used 20365K, capacity 21158K, committed 21248K, reserved 1067008K
  class space    used 2535K, capacity 2739K, committed 2816K, reserved 1048576K
}
Event: 2.600 GC heap before
{Heap before GC invocations=3 (full 1):
 PSYoungGen      total 95232K, used 13280K [0x0000000756180000, 0x0000000761b80000, 0x00000007c0000000)
  eden space 81920K, 0% used [0x0000000756180000,0x0000000756180000,0x000000075b180000)
  from space 13312K, 99% used [0x000000075be80000,0x000000075cb780f8,0x000000075cb80000)
  to   space 13312K, 0% used [0x000000075b180000,0x000000075b180000,0x000000075be80000)
 ParOldGen       total 217088K, used 230K [0x0000000682400000, 0x000000068f800000, 0x0000000756180000)
  object space 217088K, 0% used [0x0000000682400000,0x0000000682439b58,0x000000068f800000)
 Metaspace       used 20365K, capacity 21158K, committed 21248K, reserved 1067008K
  class space    used 2535K, capacity 2739K, committed 2816K, reserved 1048576K
Event: 2.653 GC heap after
Heap after GC invocations=3 (full 1):
 PSYoungGen      total 95232K, used 0K [0x0000000756180000, 0x0000000761b80000, 0x00000007c0000000)
  eden space 81920K, 0% used [0x0000000756180000,0x0000000756180000,0x000000075b180000)
  from space 13312K, 0% used [0x000000075be80000,0x000000075be80000,0x000000075cb80000)
  to   space 13312K, 0% used [0x000000075b180000,0x000000075b180000,0x000000075be80000)
 ParOldGen       total 144896K, used 12904K [0x0000000682400000, 0x000000068b180000, 0x0000000756180000)
  object space 144896K, 8% used [0x0000000682400000,0x000000068309a178,0x000000068b180000)
 Metaspace       used 20365K, capacity 21158K, committed 21248K, reserved 1067008K
  class space    used 2535K, capacity 2739K, committed 2816K, reserved 1048576K
}
Event: 4.234 GC heap before
{Heap before GC invocations=4 (full 1):
 PSYoungGen      total 95232K, used 81920K [0x0000000756180000, 0x0000000761b80000, 0x00000007c0000000)
  eden space 81920K, 100% used [0x0000000756180000,0x000000075b180000,0x000000075b180000)
  from space 13312K, 0% used [0x000000075be80000,0x000000075be80000,0x000000075cb80000)
  to   space 13312K, 0% used [0x000000075b180000,0x000000075b180000,0x000000075be80000)
 ParOldGen       total 144896K, used 12904K [0x0000000682400000, 0x000000068b180000, 0x0000000756180000)
  object space 144896K, 8% used [0x0000000682400000,0x000000068309a178,0x000000068b180000)
 Metaspace       used 25734K, capacity 26788K, committed 27008K, reserved 1073152K
  class space    used 3216K, capacity 3434K, committed 3456K, reserved 1048576K
Event: 4.244 GC heap after
Heap after GC invocations=4 (full 1):
 PSYoungGen      total 95232K, used 9015K [0x0000000756180000, 0x000000075e780000, 0x00000007c0000000)
  eden space 81920K, 0% used [0x0000000756180000,0x0000000756180000,0x000000075b180000)
  from space 13312K, 67% used [0x000000075b180000,0x000000075ba4dfe0,0x000000075be80000)
  to   space 13312K, 0% used [0x000000075da80000,0x000000075da80000,0x000000075e780000)
 ParOldGen       total 144896K, used 12912K [0x0000000682400000, 0x000000068b180000, 0x0000000756180000)
  object space 144896K, 8% used [0x0000000682400000,0x000000068309c178,0x000000068b180000)
 Metaspace       used 25734K, capacity 26788K, committed 27008K, reserved 1073152K
  class space    used 3216K, capacity 3434K, committed 3456K, reserved 1048576K
}
Event: 6.608 GC heap before
{Heap before GC invocations=5 (full 1):
 PSYoungGen      total 95232K, used 90935K [0x0000000756180000, 0x000000075e780000, 0x00000007c0000000)
  eden space 81920K, 100% used [0x0000000756180000,0x000000075b180000,0x000000075b180000)
  from space 13312K, 67% used [0x000000075b180000,0x000000075ba4dfe0,0x000000075be80000)
  to   space 13312K, 0% used [0x000000075da80000,0x000000075da80000,0x000000075e780000)
 ParOldGen       total 144896K, used 12912K [0x0000000682400000, 0x000000068b180000, 0x0000000756180000)
  object space 144896K, 8% used [0x0000000682400000,0x000000068309c178,0x000000068b180000)
 Metaspace       used 30999K, capacity 32540K, committed 32640K, reserved 1077248K
  class space    used 3899K, capacity 4180K, committed 4224K, reserved 1048576K
Event: 6.628 GC heap after
Heap after GC invocations=5 (full 1):
 PSYoungGen      total 121856K, used 9850K [0x0000000756180000, 0x000000075e680000, 0x00000007c0000000)
  eden space 109568K, 0% used [0x0000000756180000,0x0000000756180000,0x000000075cc80000)
  from space 12288K, 80% used [0x000000075da80000,0x000000075e41e990,0x000000075e680000)
  to   space 13312K, 0% used [0x000000075cc80000,0x000000075cc80000,0x000000075d980000)
 ParOldGen       total 144896K, used 12920K [0x0000000682400000, 0x000000068b180000, 0x0000000756180000)
  object space 144896K, 8% used [0x0000000682400000,0x000000068309e178,0x000000068b180000)
 Metaspace       used 30999K, capacity 32540K, committed 32640K, reserved 1077248K
  class space    used 3899K, capacity 4180K, committed 4224K, reserved 1048576K
}

