# JRE version: Java(TM) SE Runtime Environment (8.0_181-b13) (build 1.8.0_181-b13)
# Java VM: Java HotSpot(TM) 64-Bit Server VM (25.181-b13 mixed mode windows-amd64 compressed oops)
Heap:
 PSYoungGen      total 172544K, used 98472K [0x0000000756180000, 0x0000000764c80000, 0x00000007c0000000)
  eden space 159232K, 61% used [0x0000000756180000,0x000000075c1aa330,0x000000075fd00000)
  from space 13312K, 0% used [0x000000075fd00000,0x000000075fd00000,0x0000000760a00000)
  to   space 14848K, 0% used [0x0000000763e00000,0x0000000763e00000,0x0000000764c80000)
 ParOldGen       total 176128K, used 16890K [0x0000000682400000, 0x000000068d000000, 0x0000000756180000)
  object space 176128K, 9% used [0x0000000682400000,0x000000068347ebb8,0x000000068d000000)
 Metaspace       used 40938K, capacity 43164K, committed 43352K, reserved 1087488K
  class space    used 5039K, capacity 5406K, committed 5504K, reserved 1048576K
GC Heap History (10 events):
Event: 2.364 GC heap before
{Heap before GC invocations=3 (full 0):
 PSYoungGen      total 95232K, used 25006K [0x0000000756180000, 0x0000000761b80000, 0x00000007c0000000)
  eden space 81920K, 14% used [0x0000000756180000,0x0000000756d3b7b8,0x000000075b180000)
  from space 13312K, 97% used [0x000000075be80000,0x000000075cb301b0,0x000000075cb80000)
  to   space 13312K, 0% used [0x000000075b180000,0x000000075b180000,0x000000075be80000)
 ParOldGen       total 217088K, used 32K [0x0000000682400000, 0x000000068f800000, 0x0000000756180000)
  object space 217088K, 0% used [0x0000000682400000,0x0000000682408000,0x000000068f800000)
 Metaspace       used 20356K, capacity 21138K, committed 21248K, reserved 1067008K
  class space    used 2514K, capacity 2709K, committed 2816K, reserved 1048576K
Event: 2.368 GC heap after
Heap after GC invocations=3 (full 0):
 PSYoungGen      total 95232K, used 7083K [0x0000000756180000, 0x0000000761b80000, 0x00000007c0000000)
  eden space 81920K, 0% used [0x0000000756180000,0x0000000756180000,0x000000075b180000)
  from space 13312K, 53% used [0x000000075b180000,0x000000075b86ad18,0x000000075be80000)
  to   space 13312K, 0% used [0x0000000760e80000,0x0000000760e80000,0x0000000761b80000)
 ParOldGen       total 217088K, used 40K [0x0000000682400000, 0x000000068f800000, 0x0000000756180000)
  object space 217088K, 0% used [0x0000000682400000,0x000000068240a000,0x000000068f800000)
 Metaspace       used 20356K, capacity 21138K, committed 21248K, reserved 1067008K
  class space    used 2514K, capacity 2709K, committed 2816K, reserved 1048576K
}
Event: 2.368 GC heap before
{Heap before GC invocations=4 (full 1):
 PSYoungGen      total 95232K, used 7083K [0x0000000756180000, 0x0000000761b80000, 0x00000007c0000000)
  eden space 81920K, 0% used [0x0000000756180000,0x0000000756180000,0x000000075b180000)
  from space 13312K, 53% used [0x000000075b180000,0x000000075b86ad18,0x000000075be80000)
  to   space 13312K, 0% used [0x0000000760e80000,0x0000000760e80000,0x0000000761b80000)
 ParOldGen       total 217088K, used 40K [0x0000000682400000, 0x000000068f800000, 0x0000000756180000)
  object space 217088K, 0% used [0x0000000682400000,0x000000068240a000,0x000000068f800000)
 Metaspace       used 20356K, capacity 21138K, committed 21248K, reserved 1067008K
  class space    used 2514K, capacity 2709K, committed 2816K, reserved 1048576K
Event: 2.393 GC heap after
Heap after GC invocations=4 (full 1):
 PSYoungGen      total 95232K, used 0K [0x0000000756180000, 0x0000000761b80000, 0x00000007c0000000)
  eden space 81920K, 0% used [0x0000000756180000,0x0000000756180000,0x000000075b180000)
  from space 13312K, 0% used [0x000000075b180000,0x000000075b180000,0x000000075be80000)
  to   space 13312K, 0% used [0x0000000760e80000,0x0000000760e80000,0x0000000761b80000)
 ParOldGen       total 117248K, used 6923K [0x0000000682400000, 0x0000000689680000, 0x0000000756180000)
  object space 117248K, 5% used [0x0000000682400000,0x0000000682ac2d08,0x0000000689680000)
 Metaspace       used 20354K, capacity 21132K, committed 21248K, reserved 1067008K
  class space    used 2514K, capacity 2708K, committed 2816K, reserved 1048576K
}
Event: 3.299 GC heap before
{Heap before GC invocations=5 (full 1):
 PSYoungGen      total 95232K, used 81920K [0x0000000756180000, 0x0000000761b80000, 0x00000007c0000000)
  eden space 81920K, 100% used [0x0000000756180000,0x000000075b180000,0x000000075b180000)
  from space 13312K, 0% used [0x000000075b180000,0x000000075b180000,0x000000075be80000)
  to   space 13312K, 0% used [0x0000000760e80000,0x0000000760e80000,0x0000000761b80000)
 ParOldGen       total 117248K, used 6923K [0x0000000682400000, 0x0000000689680000, 0x0000000756180000)
  object space 117248K, 5% used [0x0000000682400000,0x0000000682ac2d08,0x0000000689680000)
 Metaspace       used 25367K, capacity 26396K, committed 26752K, reserved 1073152K
  class space    used 3135K, capacity 3330K, committed 3456K, reserved 1048576K
Event: 3.308 GC heap after
Heap after GC invocations=5 (full 1):
 PSYoungGen      total 142336K, used 8341K [0x0000000756180000, 0x0000000761700000, 0x00000007c0000000)
  eden space 133632K, 0% used [0x0000000756180000,0x0000000756180000,0x000000075e400000)
  from space 8704K, 95% used [0x0000000760e80000,0x00000007616a5540,0x0000000761700000)
  to   space 13312K, 0% used [0x000000075fd00000,0x000000075fd00000,0x0000000760a00000)
 ParOldGen       total 117248K, used 6931K [0x0000000682400000, 0x0000000689680000, 0x0000000756180000)
  object space 117248K, 5% used [0x0000000682400000,0x0000000682ac4d08,0x0000000689680000)
 Metaspace       used 25367K, capacity 26396K, committed 26752K, reserved 1073152K
  class space    used 3135K, capacity 3330K, committed 3456K, reserved 1048576K
}
Event: 6.033 GC heap before
{Heap before GC invocations=6 (full 1):
 PSYoungGen      total 142336K, used 129414K [0x0000000756180000, 0x0000000761700000, 0x00000007c0000000)
  eden space 133632K, 90% used [0x0000000756180000,0x000000075d7bc3d8,0x000000075e400000)
  from space 8704K, 95% used [0x0000000760e80000,0x00000007616a5540,0x0000000761700000)
  to   space 13312K, 0% used [0x000000075fd00000,0x000000075fd00000,0x0000000760a00000)
 ParOldGen       total 117248K, used 6931K [0x0000000682400000, 0x0000000689680000, 0x0000000756180000)
  object space 117248K, 5% used [0x0000000682400000,0x0000000682ac4d08,0x0000000689680000)
 Metaspace       used 33727K, capacity 35336K, committed 35416K, reserved 1081344K
  class space    used 4143K, capacity 4428K, committed 4480K, reserved 1048576K
Event: 6.043 GC heap after
Heap after GC invocations=6 (full 1):
 PSYoungGen      total 172544K, used 11858K [0x0000000756180000, 0x0000000764c80000, 0x00000007c0000000)
  eden space 159232K, 0% used [0x0000000756180000,0x0000000756180000,0x000000075fd00000)
  from space 13312K, 89% used [0x000000075fd00000,0x00000007608949e8,0x0000000760a00000)
  to   space 14848K, 0% used [0x0000000763e00000,0x0000000763e00000,0x0000000764c80000)
 ParOldGen       total 117248K, used 6939K [0x0000000682400000, 0x0000000689680000, 0x0000000756180000)
  object space 117248K, 5% used [0x0000000682400000,0x0000000682ac6d08,0x0000000689680000)
 Metaspace       used 33727K, capacity 35336K, committed 35416K, reserved 1081344K
  class space    used 4143K, capacity 4428K, committed 4480K, reserved 1048576K
}
Event: 6.043 GC heap before
{Heap before GC invocations=7 (full 2):
 PSYoungGen      total 172544K, used 11858K [0x0000000756180000, 0x0000000764c80000, 0x00000007c0000000)
  eden space 159232K, 0% used [0x0000000756180000,0x0000000756180000,0x000000075fd00000)
  from space 13312K, 89% used [0x000000075fd00000,0x00000007608949e8,0x0000000760a00000)
  to   space 14848K, 0% used [0x0000000763e00000,0x0000000763e00000,0x0000000764c80000)
 ParOldGen       total 117248K, used 6939K [0x0000000682400000, 0x0000000689680000, 0x0000000756180000)
  object space 117248K, 5% used [0x0000000682400000,0x0000000682ac6d08,0x0000000689680000)
 Metaspace       used 33727K, capacity 35336K, committed 35416K, reserved 1081344K
  class space    used 4143K, capacity 4428K, committed 4480K, reserved 1048576K
Event: 6.086 GC heap after
Heap after GC invocations=7 (full 2):
 PSYoungGen      total 172544K, used 0K [0x0000000756180000, 0x0000000764c80000, 0x00000007c0000000)
  eden space 159232K, 0% used [0x0000000756180000,0x0000000756180000,0x000000075fd00000)
  from space 13312K, 0% used [0x000000075fd00000,0x000000075fd00000,0x0000000760a00000)
  to   space 14848K, 0% used [0x0000000763e00000,0x0000000763e00000,0x0000000764c80000)
 ParOldGen       total 176128K, used 16890K [0x0000000682400000, 0x000000068d000000, 0x0000000756180000)
  object space 176128K, 9% used [0x0000000682400000,0x000000068347ebb8,0x000000068d000000)
 Metaspace       used 33727K, capacity 35336K, committed 35416K, reserved 1081344K
  class space    used 4143K, capacity 4428K, committed 4480K, reserved 1048576K
}

