# JRE version: Java(TM) SE Runtime Environment (8.0_181-b13) (build 1.8.0_181-b13)
# Java VM: Java HotSpot(TM) 64-Bit Server VM (25.181-b13 mixed mode windows-amd64 compressed oops)
Heap:
 PSYoungGen      total 172544K, used 103605K [0x0000000756180000, 0x0000000764880000, 0x00000007c0000000)
  eden space 159232K, 65% used [0x0000000756180000,0x000000075c6ad6f8,0x000000075fd00000)
  from space 13312K, 0% used [0x000000075fd00000,0x000000075fd00000,0x0000000760a00000)
  to   space 14848K, 0% used [0x0000000763a00000,0x0000000763a00000,0x0000000764880000)
 ParOldGen       total 182272K, used 16881K [0x0000000682400000, 0x000000068d600000, 0x0000000756180000)
  object space 182272K, 9% used [0x0000000682400000,0x000000068347c770,0x000000068d600000)
 Metaspace       used 41596K, capacity 43860K, committed 44032K, reserved 1087488K
  class space    used 5177K, capacity 5544K, committed 5632K, reserved 1048576K
GC Heap History (10 events):
Event: 2.280 GC heap before
{Heap before GC invocations=3 (full 0):
 PSYoungGen      total 95232K, used 24900K [0x0000000756180000, 0x0000000761b80000, 0x00000007c0000000)
  eden space 81920K, 14% used [0x0000000756180000,0x0000000756d43b48,0x000000075b180000)
  from space 13312K, 96% used [0x000000075be80000,0x000000075cb0d5d8,0x000000075cb80000)
  to   space 13312K, 0% used [0x000000075b180000,0x000000075b180000,0x000000075be80000)
 ParOldGen       total 217088K, used 32K [0x0000000682400000, 0x000000068f800000, 0x0000000756180000)
  object space 217088K, 0% used [0x0000000682400000,0x0000000682408000,0x000000068f800000)
 Metaspace       used 20351K, capacity 21170K, committed 21296K, reserved 1069056K
  class space    used 2511K, capacity 2677K, committed 2688K, reserved 1048576K
Event: 2.285 GC heap after
Heap after GC invocations=3 (full 0):
 PSYoungGen      total 95232K, used 7123K [0x0000000756180000, 0x0000000761b80000, 0x00000007c0000000)
  eden space 81920K, 0% used [0x0000000756180000,0x0000000756180000,0x000000075b180000)
  from space 13312K, 53% used [0x000000075b180000,0x000000075b874ca0,0x000000075be80000)
  to   space 13312K, 0% used [0x0000000760e80000,0x0000000760e80000,0x0000000761b80000)
 ParOldGen       total 217088K, used 40K [0x0000000682400000, 0x000000068f800000, 0x0000000756180000)
  object space 217088K, 0% used [0x0000000682400000,0x000000068240a000,0x000000068f800000)
 Metaspace       used 20351K, capacity 21170K, committed 21296K, reserved 1069056K
  class space    used 2511K, capacity 2677K, committed 2688K, reserved 1048576K
}
Event: 2.285 GC heap before
{Heap before GC invocations=4 (full 1):
 PSYoungGen      total 95232K, used 7123K [0x0000000756180000, 0x0000000761b80000, 0x00000007c0000000)
  eden space 81920K, 0% used [0x0000000756180000,0x0000000756180000,0x000000075b180000)
  from space 13312K, 53% used [0x000000075b180000,0x000000075b874ca0,0x000000075be80000)
  to   space 13312K, 0% used [0x0000000760e80000,0x0000000760e80000,0x0000000761b80000)
 ParOldGen       total 217088K, used 40K [0x0000000682400000, 0x000000068f800000, 0x0000000756180000)
  object space 217088K, 0% used [0x0000000682400000,0x000000068240a000,0x000000068f800000)
 Metaspace       used 20351K, capacity 21170K, committed 21296K, reserved 1069056K
  class space    used 2511K, capacity 2677K, committed 2688K, reserved 1048576K
Event: 2.313 GC heap after
Heap after GC invocations=4 (full 1):
 PSYoungGen      total 95232K, used 0K [0x0000000756180000, 0x0000000761b80000, 0x00000007c0000000)
  eden space 81920K, 0% used [0x0000000756180000,0x0000000756180000,0x000000075b180000)
  from space 13312K, 0% used [0x000000075b180000,0x000000075b180000,0x000000075be80000)
  to   space 13312K, 0% used [0x0000000760e80000,0x0000000760e80000,0x0000000761b80000)
 ParOldGen       total 117760K, used 6920K [0x0000000682400000, 0x0000000689700000, 0x0000000756180000)
  object space 117760K, 5% used [0x0000000682400000,0x0000000682ac20d0,0x0000000689700000)
 Metaspace       used 20349K, capacity 21164K, committed 21296K, reserved 1069056K
  class space    used 2511K, capacity 2676K, committed 2688K, reserved 1048576K
}
Event: 3.132 GC heap before
{Heap before GC invocations=5 (full 1):
 PSYoungGen      total 95232K, used 81920K [0x0000000756180000, 0x0000000761b80000, 0x00000007c0000000)
  eden space 81920K, 100% used [0x0000000756180000,0x000000075b180000,0x000000075b180000)
  from space 13312K, 0% used [0x000000075b180000,0x000000075b180000,0x000000075be80000)
  to   space 13312K, 0% used [0x0000000760e80000,0x0000000760e80000,0x0000000761b80000)
 ParOldGen       total 117760K, used 6920K [0x0000000682400000, 0x0000000689700000, 0x0000000756180000)
  object space 117760K, 5% used [0x0000000682400000,0x0000000682ac20d0,0x0000000689700000)
 Metaspace       used 25359K, capacity 26396K, committed 26752K, reserved 1073152K
  class space    used 3133K, capacity 3330K, committed 3456K, reserved 1048576K
Event: 3.140 GC heap after
Heap after GC invocations=5 (full 1):
 PSYoungGen      total 141312K, used 8517K [0x0000000756180000, 0x0000000761700000, 0x00000007c0000000)
  eden space 132608K, 0% used [0x0000000756180000,0x0000000756180000,0x000000075e300000)
  from space 8704K, 97% used [0x0000000760e80000,0x00000007616d1408,0x0000000761700000)
  to   space 13312K, 0% used [0x000000075fd00000,0x000000075fd00000,0x0000000760a00000)
 ParOldGen       total 117760K, used 6928K [0x0000000682400000, 0x0000000689700000, 0x0000000756180000)
  object space 117760K, 5% used [0x0000000682400000,0x0000000682ac40d0,0x0000000689700000)
 Metaspace       used 25359K, capacity 26396K, committed 26752K, reserved 1073152K
  class space    used 3133K, capacity 3330K, committed 3456K, reserved 1048576K
}
Event: 5.751 GC heap before
{Heap before GC invocations=6 (full 1):
 PSYoungGen      total 141312K, used 128672K [0x0000000756180000, 0x0000000761700000, 0x00000007c0000000)
  eden space 132608K, 90% used [0x0000000756180000,0x000000075d6d6ce8,0x000000075e300000)
  from space 8704K, 97% used [0x0000000760e80000,0x00000007616d1408,0x0000000761700000)
  to   space 13312K, 0% used [0x000000075fd00000,0x000000075fd00000,0x0000000760a00000)
 ParOldGen       total 117760K, used 6928K [0x0000000682400000, 0x0000000689700000, 0x0000000756180000)
  object space 117760K, 5% used [0x0000000682400000,0x0000000682ac40d0,0x0000000689700000)
 Metaspace       used 33726K, capacity 35336K, committed 35456K, reserved 1081344K
  class space    used 4142K, capacity 4428K, committed 4480K, reserved 1048576K
Event: 5.761 GC heap after
Heap after GC invocations=6 (full 1):
 PSYoungGen      total 172544K, used 11976K [0x0000000756180000, 0x0000000764880000, 0x00000007c0000000)
  eden space 159232K, 0% used [0x0000000756180000,0x0000000756180000,0x000000075fd00000)
  from space 13312K, 89% used [0x000000075fd00000,0x00000007608b21b0,0x0000000760a00000)
  to   space 14848K, 0% used [0x0000000763a00000,0x0000000763a00000,0x0000000764880000)
 ParOldGen       total 117760K, used 6936K [0x0000000682400000, 0x0000000689700000, 0x0000000756180000)
  object space 117760K, 5% used [0x0000000682400000,0x0000000682ac60d0,0x0000000689700000)
 Metaspace       used 33726K, capacity 35336K, committed 35456K, reserved 1081344K
  class space    used 4142K, capacity 4428K, committed 4480K, reserved 1048576K
}
Event: 5.762 GC heap before
{Heap before GC invocations=7 (full 2):
 PSYoungGen      total 172544K, used 11976K [0x0000000756180000, 0x0000000764880000, 0x00000007c0000000)
  eden space 159232K, 0% used [0x0000000756180000,0x0000000756180000,0x000000075fd00000)
  from space 13312K, 89% used [0x000000075fd00000,0x00000007608b21b0,0x0000000760a00000)
  to   space 14848K, 0% used [0x0000000763a00000,0x0000000763a00000,0x0000000764880000)
 ParOldGen       total 117760K, used 6936K [0x0000000682400000, 0x0000000689700000, 0x0000000756180000)
  object space 117760K, 5% used [0x0000000682400000,0x0000000682ac60d0,0x0000000689700000)
 Metaspace       used 33726K, capacity 35336K, committed 35456K, reserved 1081344K
  class space    used 4142K, capacity 4428K, committed 4480K, reserved 1048576K
Event: 5.820 GC heap after
Heap after GC invocations=7 (full 2):
 PSYoungGen      total 172544K, used 0K [0x0000000756180000, 0x0000000764880000, 0x00000007c0000000)
  eden space 159232K, 0% used [0x0000000756180000,0x0000000756180000,0x000000075fd00000)
  from space 13312K, 0% used [0x000000075fd00000,0x000000075fd00000,0x0000000760a00000)
  to   space 14848K, 0% used [0x0000000763a00000,0x0000000763a00000,0x0000000764880000)
 ParOldGen       total 182272K, used 16881K [0x0000000682400000, 0x000000068d600000, 0x0000000756180000)
  object space 182272K, 9% used [0x0000000682400000,0x000000068347c770,0x000000068d600000)
 Metaspace       used 33726K, capacity 35336K, committed 35456K, reserved 1081344K
  class space    used 4142K, capacity 4428K, committed 4480K, reserved 1048576K
}

