# JRE version: Java(TM) SE Runtime Environment (8.0_181-b13) (build 1.8.0_181-b13)
# Java VM: Java HotSpot(TM) 64-Bit Server VM (25.181-b13 mixed mode windows-amd64 compressed oops)
Heap:
 PSYoungGen      total 172544K, used 90910K [0x0000000756180000, 0x0000000764b80000, 0x00000007c0000000)
  eden space 159232K, 57% used [0x0000000756180000,0x000000075ba47ac0,0x000000075fd00000)
  from space 13312K, 0% used [0x000000075fd00000,0x000000075fd00000,0x0000000760a00000)
  to   space 14848K, 0% used [0x0000000763d00000,0x0000000763d00000,0x0000000764b80000)
 ParOldGen       total 176128K, used 16845K [0x0000000682400000, 0x000000068d000000, 0x0000000756180000)
  object space 176128K, 9% used [0x0000000682400000,0x0000000683473608,0x000000068d000000)
 Metaspace       used 40687K, capacity 42806K, committed 43008K, reserved 1087488K
  class space    used 5001K, capacity 5349K, committed 5376K, reserved 1048576K
GC Heap History (10 events):
Event: 2.479 GC heap before
{Heap before GC invocations=3 (full 0):
 PSYoungGen      total 95232K, used 24916K [0x0000000756180000, 0x0000000761b80000, 0x00000007c0000000)
  eden space 81920K, 14% used [0x0000000756180000,0x0000000756d44180,0x000000075b180000)
  from space 13312K, 96% used [0x000000075be80000,0x000000075cb11120,0x000000075cb80000)
  to   space 13312K, 0% used [0x000000075b180000,0x000000075b180000,0x000000075be80000)
 ParOldGen       total 217088K, used 32K [0x0000000682400000, 0x000000068f800000, 0x0000000756180000)
  object space 217088K, 0% used [0x0000000682400000,0x0000000682408000,0x000000068f800000)
 Metaspace       used 20365K, capacity 21170K, committed 21296K, reserved 1069056K
  class space    used 2511K, capacity 2677K, committed 2688K, reserved 1048576K
Event: 2.483 GC heap after
Heap after GC invocations=3 (full 0):
 PSYoungGen      total 95232K, used 7091K [0x0000000756180000, 0x0000000761b80000, 0x00000007c0000000)
  eden space 81920K, 0% used [0x0000000756180000,0x0000000756180000,0x000000075b180000)
  from space 13312K, 53% used [0x000000075b180000,0x000000075b86cca0,0x000000075be80000)
  to   space 13312K, 0% used [0x0000000760e80000,0x0000000760e80000,0x0000000761b80000)
 ParOldGen       total 217088K, used 40K [0x0000000682400000, 0x000000068f800000, 0x0000000756180000)
  object space 217088K, 0% used [0x0000000682400000,0x000000068240a000,0x000000068f800000)
 Metaspace       used 20365K, capacity 21170K, committed 21296K, reserved 1069056K
  class space    used 2511K, capacity 2677K, committed 2688K, reserved 1048576K
}
Event: 2.483 GC heap before
{Heap before GC invocations=4 (full 1):
 PSYoungGen      total 95232K, used 7091K [0x0000000756180000, 0x0000000761b80000, 0x00000007c0000000)
  eden space 81920K, 0% used [0x0000000756180000,0x0000000756180000,0x000000075b180000)
  from space 13312K, 53% used [0x000000075b180000,0x000000075b86cca0,0x000000075be80000)
  to   space 13312K, 0% used [0x0000000760e80000,0x0000000760e80000,0x0000000761b80000)
 ParOldGen       total 217088K, used 40K [0x0000000682400000, 0x000000068f800000, 0x0000000756180000)
  object space 217088K, 0% used [0x0000000682400000,0x000000068240a000,0x000000068f800000)
 Metaspace       used 20365K, capacity 21170K, committed 21296K, reserved 1069056K
  class space    used 2511K, capacity 2677K, committed 2688K, reserved 1048576K
Event: 2.509 GC heap after
Heap after GC invocations=4 (full 1):
 PSYoungGen      total 95232K, used 0K [0x0000000756180000, 0x0000000761b80000, 0x00000007c0000000)
  eden space 81920K, 0% used [0x0000000756180000,0x0000000756180000,0x000000075b180000)
  from space 13312K, 0% used [0x000000075b180000,0x000000075b180000,0x000000075be80000)
  to   space 13312K, 0% used [0x0000000760e80000,0x0000000760e80000,0x0000000761b80000)
 ParOldGen       total 117248K, used 6918K [0x0000000682400000, 0x0000000689680000, 0x0000000756180000)
  object space 117248K, 5% used [0x0000000682400000,0x0000000682ac1a00,0x0000000689680000)
 Metaspace       used 20364K, capacity 21164K, committed 21296K, reserved 1069056K
  class space    used 2511K, capacity 2676K, committed 2688K, reserved 1048576K
}
Event: 3.413 GC heap before
{Heap before GC invocations=5 (full 1):
 PSYoungGen      total 95232K, used 81920K [0x0000000756180000, 0x0000000761b80000, 0x00000007c0000000)
  eden space 81920K, 100% used [0x0000000756180000,0x000000075b180000,0x000000075b180000)
  from space 13312K, 0% used [0x000000075b180000,0x000000075b180000,0x000000075be80000)
  to   space 13312K, 0% used [0x0000000760e80000,0x0000000760e80000,0x0000000761b80000)
 ParOldGen       total 117248K, used 6918K [0x0000000682400000, 0x0000000689680000, 0x0000000756180000)
  object space 117248K, 5% used [0x0000000682400000,0x0000000682ac1a00,0x0000000689680000)
 Metaspace       used 25454K, capacity 26492K, committed 26752K, reserved 1073152K
  class space    used 3145K, capacity 3362K, committed 3456K, reserved 1048576K
Event: 3.422 GC heap after
Heap after GC invocations=5 (full 1):
 PSYoungGen      total 141824K, used 8469K [0x0000000756180000, 0x0000000761700000, 0x00000007c0000000)
  eden space 133120K, 0% used [0x0000000756180000,0x0000000756180000,0x000000075e380000)
  from space 8704K, 97% used [0x0000000760e80000,0x00000007616c56d0,0x0000000761700000)
  to   space 13312K, 0% used [0x000000075fd00000,0x000000075fd00000,0x0000000760a00000)
 ParOldGen       total 117248K, used 6926K [0x0000000682400000, 0x0000000689680000, 0x0000000756180000)
  object space 117248K, 5% used [0x0000000682400000,0x0000000682ac3a00,0x0000000689680000)
 Metaspace       used 25454K, capacity 26492K, committed 26752K, reserved 1073152K
  class space    used 3145K, capacity 3362K, committed 3456K, reserved 1048576K
}
Event: 6.005 GC heap before
{Heap before GC invocations=6 (full 1):
 PSYoungGen      total 141824K, used 127964K [0x0000000756180000, 0x0000000761700000, 0x00000007c0000000)
  eden space 133120K, 89% used [0x0000000756180000,0x000000075d631d08,0x000000075e380000)
  from space 8704K, 97% used [0x0000000760e80000,0x00000007616c56d0,0x0000000761700000)
  to   space 13312K, 0% used [0x000000075fd00000,0x000000075fd00000,0x0000000760a00000)
 ParOldGen       total 117248K, used 6926K [0x0000000682400000, 0x0000000689680000, 0x0000000756180000)
  object space 117248K, 5% used [0x0000000682400000,0x0000000682ac3a00,0x0000000689680000)
 Metaspace       used 33720K, capacity 35336K, committed 35456K, reserved 1081344K
  class space    used 4143K, capacity 4428K, committed 4480K, reserved 1048576K
Event: 6.016 GC heap after
Heap after GC invocations=6 (full 1):
 PSYoungGen      total 172544K, used 11853K [0x0000000756180000, 0x0000000764b80000, 0x00000007c0000000)
  eden space 159232K, 0% used [0x0000000756180000,0x0000000756180000,0x000000075fd00000)
  from space 13312K, 89% used [0x000000075fd00000,0x0000000760893510,0x0000000760a00000)
  to   space 14848K, 0% used [0x0000000763d00000,0x0000000763d00000,0x0000000764b80000)
 ParOldGen       total 117248K, used 6934K [0x0000000682400000, 0x0000000689680000, 0x0000000756180000)
  object space 117248K, 5% used [0x0000000682400000,0x0000000682ac5a00,0x0000000689680000)
 Metaspace       used 33720K, capacity 35336K, committed 35456K, reserved 1081344K
  class space    used 4143K, capacity 4428K, committed 4480K, reserved 1048576K
}
Event: 6.016 GC heap before
{Heap before GC invocations=7 (full 2):
 PSYoungGen      total 172544K, used 11853K [0x0000000756180000, 0x0000000764b80000, 0x00000007c0000000)
  eden space 159232K, 0% used [0x0000000756180000,0x0000000756180000,0x000000075fd00000)
  from space 13312K, 89% used [0x000000075fd00000,0x0000000760893510,0x0000000760a00000)
  to   space 14848K, 0% used [0x0000000763d00000,0x0000000763d00000,0x0000000764b80000)
 ParOldGen       total 117248K, used 6934K [0x0000000682400000, 0x0000000689680000, 0x0000000756180000)
  object space 117248K, 5% used [0x0000000682400000,0x0000000682ac5a00,0x0000000689680000)
 Metaspace       used 33720K, capacity 35336K, committed 35456K, reserved 1081344K
  class space    used 4143K, capacity 4428K, committed 4480K, reserved 1048576K
Event: 6.056 GC heap after
Heap after GC invocations=7 (full 2):
 PSYoungGen      total 172544K, used 0K [0x0000000756180000, 0x0000000764b80000, 0x00000007c0000000)
  eden space 159232K, 0% used [0x0000000756180000,0x0000000756180000,0x000000075fd00000)
  from space 13312K, 0% used [0x000000075fd00000,0x000000075fd00000,0x0000000760a00000)
  to   space 14848K, 0% used [0x0000000763d00000,0x0000000763d00000,0x0000000764b80000)
 ParOldGen       total 176128K, used 16845K [0x0000000682400000, 0x000000068d000000, 0x0000000756180000)
  object space 176128K, 9% used [0x0000000682400000,0x0000000683473608,0x000000068d000000)
 Metaspace       used 33720K, capacity 35336K, committed 35456K, reserved 1081344K
  class space    used 4143K, capacity 4428K, committed 4480K, reserved 1048576K
}

